
                            < M A T L A B (R) >
                  Copyright 1984-2015 The MathWorks, Inc.
                   R2015b (8.6.0.267246) 64-bit (glnxa64)
                              August 20, 2015

 
To get started, type one of these: helpwin, helpdesk, or demo.
For product information, visit www.mathworks.com.
 

	Academic License

portfolio 0; rolling = 0 (252/21)
optim setup: Z, G, sd
bootstrap gmm
bootstrap number 1
 ===============================================================
                      GMM ESTIMATION PROGRAM                     
 ===============================================================
 
 10 Parameters, 12 Moment Conditions
 4 Equation Model, 3 Instruments
 43 Observations
 2 Passes, Max., 100 Iterations/Pass
 Search Direction:         Steepest Descent
 Derivatives:              Numerical
 Initial Weighting Matrix: inv(Z'Z)
 Weighting Matrix:         Optimal
 Spectral Density Matrix:  Gallant (3 lags)
 

                    STARTING GMM ITERATION  1
Line Minimization Using STEP2.M                     
Ill-Conditioning Tolerance Set to 1000              
Parameter Convergence Tolerance Set to 1e-4         
Objective Function Convergence Tolerance Set to 1e-7
Gradient Convergence Tolerance Set to 1e-7          

 ---------------------------------------------------------------

        ITER      cond(H)  *    Step                 Obj Fcn 
	  1       1.00e+00    0.205891  	  0.0001072110
	  2       1.00e+00    0.254187  	  0.0001068480
	  3       1.00e+00    0.205891  	  0.0000918582
	  4       1.00e+00    0.254187  	  0.0000915380
	  5       1.00e+00    0.205891  	  0.0000764617
	  6       1.00e+00    0.228768  	  0.0000612627
	  7       1.00e+00    0.205891  	  0.0000520211
	  8       1.00e+00    0.228768  	  0.0000471466
	  9       1.00e+00    0.228768  	  0.0000466248
	 10       1.00e+00    0.228768  	  0.0000435757
	 11       1.00e+00    0.228768  	  0.0000428676
	 12       1.00e+00    0.228768  	  0.0000409740
	 13       1.00e+00    0.228768  	  0.0000402500
	 14       1.00e+00    0.228768  	  0.0000391469
	 15       1.00e+00    0.228768  	  0.0000385229
	 16       1.00e+00    0.228768  	  0.0000377549
	 17       1.00e+00    0.228768  	  0.0000372222
	 18       1.00e+00    0.228768  	  0.0000370322
	 19       1.00e+00    0.228768  	  0.0000366804
	 20       1.00e+00    0.228768  	  0.0000365343
	 21       1.00e+00    0.228768  	  0.0000361538
	 22       1.00e+00    0.205891  	  0.0000351983
	 23       1.00e+00    0.000774  	  0.0000351831
	 24       1.00e+00    0.228768  	  0.0000347675
	 25       1.00e+00    0.228768  	  0.0000343732
	 26       1.00e+00    0.228768  	  0.0000340771
	 27       1.00e+00    0.228768  	  0.0000338677
	 28       1.00e+00    0.228768  	  0.0000337706
	 29       1.00e+00    0.228768  	  0.0000335021
	 30       1.00e+00    0.228768  	  0.0000334327
	 31       1.00e+00    0.254187  	  0.0000333083
	 32       1.00e+00    0.205891  	  0.0000330011
	 33       1.00e+00    0.228768  	  0.0000327962
	 34       1.00e+00    0.205891  	  0.0000327048
	 35       1.00e+00    0.282430  	  0.0000326769
	 36       1.00e+00    0.205891  	  0.0000325703
	 37       1.00e+00    0.228768  	  0.0000325020
	 38       1.00e+00    0.205891  	  0.0000324232
	 39       1.00e+00    0.254187  	  0.0000322730
	 40       1.00e+00    0.228768  	  0.0000322720
	 41       1.00e+00    0.228768  	  0.0000321253
	 42       1.00e+00    0.185302  	  0.0000319833
	 43       1.00e+00    0.228768  	  0.0000319543
	 44       1.00e+00    0.254187  	  0.0000319168
	 45       1.00e+00    0.254187  	  0.0000318122
	 46       1.00e+00    0.205891  	  0.0000317368
	 47       1.00e+00    0.205891  	  0.0000316764
	 48       1.00e+00    0.254187  	  0.0000316367
	 49       1.00e+00    0.185302  	  0.0000316063
	 50       1.00e+00    0.228768  	  0.0000314964
	 51       1.00e+00    0.282430  	  0.0000314567
	 52       1.00e+00    0.150095  	  0.0000314455
	 53       1.00e+00    0.387420  	  0.0000313209
	 54       1.00e+00    0.166772  	  0.0000312862
	 55       1.00e+00    0.254187  	  0.0000312761
	 56       1.00e+00    0.004175  	  0.0000312640
	 57       1.00e+00    0.166772  	  0.0000311400
	 58       1.00e+00    0.166772  	  0.0000310842
	 59       1.00e+00    0.387420  	  0.0000310761
	 60       1.00e+00    0.228768  	  0.0000310635
	 61       1.00e+00    0.228768  	  0.0000310286
	 62       1.00e+00    0.205891  	  0.0000308822
	 63       1.00e+00    0.254187  	  0.0000308621
	 64       1.00e+00    0.205891  	  0.0000307818
	 65       1.00e+00    0.254187  	  0.0000307049
	 66       1.00e+00    0.185302  	  0.0000306314
	 67       1.00e+00    0.254187  	  0.0000306154
	 68       1.00e+00    0.205891  	  0.0000305639
	 69       1.00e+00    0.254187  	  0.0000305314
	 70       1.00e+00    0.205891  	  0.0000304733
	 71       1.00e+00    0.254187  	  0.0000304618
	 72       1.00e+00    0.205891  	  0.0000303455
	 73       1.00e+00    0.205891  	  0.0000303195
	 74       1.00e+00    0.205891  	  0.0000302912
	 75       1.00e+00    0.228768  	  0.0000302282
	 76       1.00e+00    0.205891  	  0.0000300684
	 77       1.00e+00    0.185302  	  0.0000299175
	 78       1.00e+00    0.228768  	  0.0000298686
	 79       1.00e+00    0.166772  	  0.0000298043
	 80       1.00e+00    0.313811  	  0.0000297652
	 81       1.00e+00    0.205891  	  0.0000296109
	 82       1.00e+00    0.079766  	  0.0000295175
	 83       1.00e+00    0.030903  	  0.0000295042
	 84       1.00e+00    0.000696  	  0.0000294558
	 85       1.00e+00    0.109419  	  0.0000293779
	 86       1.00e+00    0.205891  	  0.0000293249
	 87       1.00e+00    0.008728  	  0.0000293227
	 88       1.00e+00    0.000000  	  0.0000293227
  CONVERGENCE CRITERIA MET: Change in Objective Function
            R      rho   thetaH    thetaL   deltaA    alpha     beta   deltaI
 b1    2.9998   0.0470   0.0719   -0.0178   0.0972   0.2516   5.0001   0.8011
 
      lambda12   lambda21
 b1     0.2306     1.1501
 
                    STARTING GMM ITERATION  2

 ---------------------------------------------------------------

        ITER      cond(H)  *    Step                 Obj Fcn 
Max Line Search Iterations (3.420983e+025) Exceeded in STEP2	  1       1.00e+00    0.000000  	  3.7370217616
Max Line Search Iterations (3.420983e+025) Exceeded in STEP2	  2       1.00e+00    0.000000  	  3.7370217616
  CONVERGENCE CRITERIA MET: Change in Objective Function

            EVALUATING S at FINAL PARAMETER ESTIMATES

            USING PSEUDO-INVERSE OF HESSIAN 

  ------------------  GMM PARAMETER ESTIMATES  -----------------
  Parameter        Coeff    Std Err   Null   t-stat    p-val
  R             2.999766   0.775795   0.00     3.87   0.0001
  rho           0.047047   0.355662   0.00     0.13   0.8948
  thetaH        0.071883   0.080394   0.00     0.89   0.3712
  thetaL       -0.017831   0.799946   0.00    -0.02   0.9822
  deltaA        0.097181   0.711962   0.00     0.14   0.8914
  alpha         0.251640   1.789768   0.00     0.14   0.8882
  beta          5.000093   1.767080   0.00     2.83   0.0047
  deltaI        0.801087   5.396775   0.00     0.15   0.8820
  lambda12      0.230623   1.241598   0.00     0.19   0.8526
  lambda21      1.150097   7.698907   0.00     0.15   0.8813
 
  -------------------  GMM MOMENT CONDITIONS  ------------------
                     Moment    Std Err   t-stat    p-val
     Moment  1    -0.014103   0.013058    -1.08   0.2801
     Moment  2    -0.002283   0.001882    -1.21   0.2250
     Moment  3    -0.024522   0.087064    -0.28   0.7782
     Moment  4     0.011386   0.011279     1.01   0.3127
     Moment  5     0.001578   0.001763     0.90   0.3707
     Moment  6     0.024239   0.034463     0.70   0.4818
     Moment  7     0.005083   0.007913     0.64   0.5207
     Moment  8     0.000469   0.001435     0.33   0.7440
     Moment  9     0.068928   0.043061     1.60   0.1094
     Moment 10     0.021232   0.009803     2.17   0.0303
     Moment 11     0.003315   0.001568     2.11   0.0345
     Moment 12     0.030307   0.056412     0.54   0.5911
 
      J-stat = 160.6919    Prob[Chi-sq.(2) > J] = 0.0000
 ===============================================================
bootstrap number 2
 ===============================================================
                      GMM ESTIMATION PROGRAM                     
 ===============================================================
 
 10 Parameters, 12 Moment Conditions
 4 Equation Model, 3 Instruments
 43 Observations
 2 Passes, Max., 100 Iterations/Pass
 Search Direction:         Steepest Descent
 Derivatives:              Numerical
 Initial Weighting Matrix: inv(Z'Z)
 Weighting Matrix:         Optimal
 Spectral Density Matrix:  Gallant (3 lags)
 

                    STARTING GMM ITERATION  1
Line Minimization Using STEP2.M                     
Ill-Conditioning Tolerance Set to 1000              
Parameter Convergence Tolerance Set to 1e-4         
Objective Function Convergence Tolerance Set to 1e-7
Gradient Convergence Tolerance Set to 1e-7          

 ---------------------------------------------------------------

        ITER      cond(H)  *    Step                 Obj Fcn 
	  1       1.00e+00    0.185302  	  0.0002900569
	  2       1.00e+00    0.254187  	  0.0002560695
	  3       1.00e+00    0.205891  	  0.0002244461
	  4       1.00e+00    0.254187  	  0.0001958014
	  5       1.00e+00    0.205891  	  0.0001558304
	  6       1.00e+00    0.254187  	  0.0001395359
	  7       1.00e+00    0.228768  	  0.0001393811
	  8       1.00e+00    0.254187  	  0.0001250450
	  9       1.00e+00    0.228768  	  0.0001219454
	 10       1.00e+00    0.254187  	  0.0001113327
	 11       1.00e+00    0.228768  	  0.0001065270
	 12       1.00e+00    0.254187  	  0.0000988595
	 13       1.00e+00    0.228768  	  0.0000939255
	 14       1.00e+00    0.254187  	  0.0000886305
	 15       1.00e+00    0.228768  	  0.0000844662
	 16       1.00e+00    0.254187  	  0.0000812672
	 17       1.00e+00    0.228768  	  0.0000780607
	 18       1.00e+00    0.254187  	  0.0000758755
	 19       1.00e+00    0.228768  	  0.0000734218
	 20       1.00e+00    0.254187  	  0.0000731194
	 21       1.00e+00    0.228768  	  0.0000712675
	 22       1.00e+00    0.254187  	  0.0000710863
	 23       1.00e+00    0.228768  	  0.0000700753
	 24       1.00e+00    0.228768  	  0.0000611393
	 25       1.00e+00    0.228768  	  0.0000608030
	 26       1.00e+00    0.228768  	  0.0000550556
	 27       1.00e+00    0.205891  	  0.0000514008
	 28       1.00e+00    0.228768  	  0.0000484193
	 29       1.00e+00    0.205891  	  0.0000472461
	 30       1.00e+00    0.254187  	  0.0000468772
Max Line Search Iterations (3.420983e+025) Exceeded in STEP2	 31       1.00e+00    0.000000  	  0.0000468772
  CONVERGENCE CRITERIA MET: Change in Objective Function
            R      rho   thetaH    thetaL   deltaA    alpha     beta   deltaI
 b1    2.9996   0.0498   0.0751   -0.0154   0.1048   0.2516   5.0001   0.8005
 
      lambda12   lambda21
 b1     0.2291     1.1502
 
                    STARTING GMM ITERATION  2

 ---------------------------------------------------------------

        ITER      cond(H)  *    Step                 Obj Fcn 
	  1       1.00e+00    0.000002  	  5.2108962349
	  2       1.00e+00    0.000008  	  4.7937384958
	  3       1.00e+00    0.000011  	  4.5908467677
	  4       1.00e+00    0.000001  	  4.4199807094
	  5       1.00e+00    0.000009  	  4.1404474614
	  6       1.00e+00    0.000008  	  3.9165199672
	  7       1.00e+00    0.000009  	  3.7780007260
	  8       1.00e+00    0.000000  	  3.7752413128
	  9       1.00e+00    0.000001  	  3.7544449737
	 10       1.00e+00    0.000008  	  3.4347398839
	 11       1.00e+00    0.000007  	  3.3666382865
	 12       1.00e+00    0.000008  	  3.1995876179
	 13       1.00e+00    0.000006  	  3.0413497391
	 14       1.00e+00    0.000008  	  2.9765489078
	 15       1.00e+00    0.000006  	  2.9146699709
	 16       1.00e+00    0.000008  	  2.8828331580
	 17       1.00e+00    0.000006  	  2.8434388711
	 18       1.00e+00    0.000007  	  2.7144455382
	 19       1.00e+00    0.000002  	  2.5360642278
	 20       1.00e+00    0.000007  	  2.5308258292
	 21       1.00e+00    0.000008  	  2.5072137171
	 22       1.00e+00    0.000005  	  2.4393201489
	 23       1.00e+00    0.000007  	  2.4059233352
	 24       1.00e+00    0.000005  	  2.3891257064
	 25       1.00e+00    0.000007  	  2.3398575644
	 26       1.00e+00    0.000005  	  2.3360540032
	 27       1.00e+00    0.000006  	  2.2965945163
	 28       1.00e+00    0.000005  	  2.2711831057
	 29       1.00e+00    0.000006  	  2.2491515004
	 30       1.00e+00    0.000001  	  2.1400017836
	 31       1.00e+00    0.000005  	  2.1272378903
	 32       1.00e+00    0.000006  	  2.0979321393
	 33       1.00e+00    0.000005  	  2.0691827005
	 34       1.00e+00    0.000006  	  2.0498414289
	 35       1.00e+00    0.000005  	  2.0246589387
	 36       1.00e+00    0.000005  	  1.9862730403
	 37       1.00e+00    0.000004  	  1.9697372998
	 38       1.00e+00    0.000005  	  1.9171837404
	 39       1.00e+00    0.000004  	  1.8816597400
	 40       1.00e+00    0.000005  	  1.8619237258
	 41       1.00e+00    0.000005  	  1.8580995188
	 42       1.00e+00    0.000005  	  1.8316517627
	 43       1.00e+00    0.000005  	  1.8049152238
	 44       1.00e+00    0.000005  	  1.8026999750
	 45       1.00e+00    0.000004  	  1.7303659977
	 46       1.00e+00    0.000005  	  1.7175669282
	 47       1.00e+00    0.000004  	  1.7132132871
	 48       1.00e+00    0.000005  	  1.6982458376
	 49       1.00e+00    0.000004  	  1.6610721766
	 50       1.00e+00    0.000005  	  1.6588431945
	 51       1.00e+00    0.000000  	  1.6582639831
	 52       1.00e+00    0.000004  	  1.6545274718
	 53       1.00e+00    0.000001  	  1.5950380297
	 54       1.00e+00    0.000004  	  1.5835668095
	 55       1.00e+00    0.000005  	  1.5704019233
	 56       1.00e+00    0.000004  	  1.5369768254
	 57       1.00e+00    0.000005  	  1.5332457365
	 58       1.00e+00    0.000004  	  1.5207641300
	 59       1.00e+00    0.000005  	  1.5186937227
	 60       1.00e+00    0.000004  	  1.5022110315
	 61       1.00e+00    0.000004  	  1.4820961300
	 62       1.00e+00    0.000004  	  1.4805645092
	 63       1.00e+00    0.000004  	  1.4538048416
	 64       1.00e+00    0.000004  	  1.4516628001
	 65       1.00e+00    0.000004  	  1.4284712872
	 66       1.00e+00    0.000004  	  1.4246072773
	 67       1.00e+00    0.000004  	  1.4109370188
	 68       1.00e+00    0.000000  	  1.3705204531
	 69       1.00e+00    0.000004  	  1.3576298804
	 70       1.00e+00    0.000004  	  1.3447323563
	 71       1.00e+00    0.000004  	  1.3337365242
	 72       1.00e+00    0.000004  	  1.3310669117
	 73       1.00e+00    0.000004  	  1.3261487646
	 74       1.00e+00    0.000004  	  1.3112996112
	 75       1.00e+00    0.000003  	  1.2966425917
	 76       1.00e+00    0.000004  	  1.2953592157
	 77       1.00e+00    0.000003  	  1.2773790382
	 78       1.00e+00    0.000004  	  1.2673151070
	 79       1.00e+00    0.000004  	  1.2497869712
	 80       1.00e+00    0.000004  	  1.2457318508
	 81       1.00e+00    0.000000  	  1.2456109695
	 82       1.00e+00    0.000004  	  1.2398003767
	 83       1.00e+00    0.000004  	  1.2263567849
	 84       1.00e+00    0.000003  	  1.2071607902
	 85       1.00e+00    0.000004  	  1.1932869484
	 86       1.00e+00    0.000003  	  1.1916143946
	 87       1.00e+00    0.000004  	  1.1835298146
	 88       1.00e+00    0.000003  	  1.1679792452
	 89       1.00e+00    0.000004  	  1.1671669375
	 90       1.00e+00    0.000003  	  1.1660102782
	 91       1.00e+00    0.000005  	  1.1620761904
	 92       1.00e+00    0.000003  	  1.1558537824
	 93       1.00e+00    0.000004  	  1.1519494770
	 94       1.00e+00    0.000004  	  1.1514492528
	 95       1.00e+00    0.000003  	  1.1413558258
	 96       1.00e+00    0.000004  	  1.1369789827
	 97       1.00e+00    0.000003  	  1.1265238986
	 98       1.00e+00    0.000003  	  1.1174595874
	 99       1.00e+00    0.000004  	  1.1093777808
	100       1.00e+00    0.000003  	  1.0973757938
  CONVERGENCE CRITERIA MET: Maximum Iterations

            EVALUATING S at FINAL PARAMETER ESTIMATES

            USING PSEUDO-INVERSE OF HESSIAN 

  ------------------  GMM PARAMETER ESTIMATES  -----------------
  Parameter        Coeff    Std Err   Null   t-stat    p-val
  R             2.999463   0.401873   0.00     7.46   0.0000
  rho           0.024080   0.335223   0.00     0.07   0.9427
  thetaH        0.062934   0.188529   0.00     0.33   0.7385
  thetaL       -0.034941   0.483886   0.00    -0.07   0.9424
  deltaA        0.086446   0.295569   0.00     0.29   0.7699
  alpha         0.257366   3.028136   0.00     0.08   0.9323
  beta          5.000434   0.029422   0.00   169.96   0.0000
  deltaI        0.802092   1.946126   0.00     0.41   0.6802
  lambda12      0.224304   0.214523   0.00     1.05   0.2957
  lambda21      1.149683   0.177281   0.00     6.49   0.0000
 
  -------------------  GMM MOMENT CONDITIONS  ------------------
                     Moment    Std Err   t-stat    p-val
     Moment  1    -0.029858   0.012006    -2.49   0.0129
     Moment  2    -0.004572   0.002185    -2.09   0.0364
     Moment  3    -0.042813   0.107316    -0.40   0.6899
     Moment  4    -0.018379   0.008619    -2.13   0.0330
     Moment  5    -0.002918   0.001560    -1.87   0.0614
     Moment  6    -0.049496   0.074160    -0.67   0.5045
     Moment  7    -0.011275   0.011449    -0.98   0.3247
     Moment  8    -0.002331   0.002031    -1.15   0.2509
     Moment  9     0.042715   0.059846     0.71   0.4754
     Moment 10     0.004532   0.003255     1.39   0.1639
     Moment 11     0.000415   0.000633     0.66   0.5124
     Moment 12     0.020173   0.027013     0.75   0.4552
 
      J-stat = 47.1872    Prob[Chi-sq.(2) > J] = 0.0000
 ===============================================================
portfolio 0; rolling = 0 (252/21)
optim setup: Z, G, sd

  ------------------  GMM PARAMETER ESTIMATES  -----------------
  Parameter        Coeff    Std Err   Null   t-stat    p-val
  R             2.999718   0.681321   0.00     4.40   0.0000
  rho           0.047880   1.654490   0.00     0.03   0.9769
  thetaH        0.068690   1.654503   0.00     0.04   0.9669
  thetaL       -0.010897   1.997172   0.00    -0.01   0.9956
  deltaA        0.084964   0.482447   0.00     0.18   0.8602
  alpha         0.251289   4.110349   0.00     0.06   0.9513
  beta          5.000065   0.039917   0.00   125.26   0.0000
  deltaI        0.803267   4.225746   0.00     0.19   0.8492
  lambda12      0.256386   1.180447   0.00     0.22   0.8281
  lambda21      1.150213   0.727225   0.00     1.58   0.1137
 
  -------------------  GMM MOMENT CONDITIONS  ------------------
                     Moment    Std Err   t-stat    p-val
     Moment  1    -0.018369   0.016689    -1.10   0.2710
     Moment  2    -0.004948   0.002431    -2.03   0.0419
     Moment  3     0.116910   0.067401     1.73   0.0828
     Moment  4     0.034102   0.020658     1.65   0.0988
     Moment  5     0.002742   0.002398     1.14   0.2528
     Moment  6     0.292136   0.140992     2.07   0.0383
     Moment  7    -0.025718   0.011061    -2.33   0.0201
     Moment  8    -0.005485   0.002888    -1.90   0.0575
     Moment  9     0.130453   0.053778     2.43   0.0153
     Moment 10    -0.015847   0.007253    -2.18   0.0289
     Moment 11    -0.002938   0.001401    -2.10   0.0360
     Moment 12     0.063823   0.022759     2.80   0.0050
 
      J-stat = 47.9973    Prob[Chi-sq.(2) > J] = 0.0000
 ===============================================================
Bootstrap p value (proportion of test statistics >= critical value), nBoot = 2

ans =

    2.9997         0
    0.0479         0
    0.0687         0
   -0.0109         0
    0.0850         0
    0.2513         0
    5.0001         0
    0.8033         0
    0.2564         0
    1.1502         0

p value for J-stat

boot_Jp =

    0.5000

running time

time_to_run = 

    'hours'    'minutes'    'seconds'
    [    0]    [     25]    [ 3.6003]

